<?xml version="1.0" encoding="UTF-8"?>
<!-- Generated by org.testng.reporters.JUnitXMLReporter -->
<testsuite ignored="0" hostname="GUTHIKONDA" failures="0" tests="10" name="chromeTest" time="130.048" errors="0" timestamp="2025-02-17T22:52:49 IST">
  <testcase classname="testCases.TC01_LaunchApplication" name="testLaunchApplication" time="1.346"/>
  <testcase classname="testCases.TC06_PurchaseAGiftCertificate" name="testPurchaseAGiftCertificate" time="3.299"/>
  <testcase classname="testCases.TC03_AddToCart" name="testAddToCart" time="4.057"/>
  <testcase classname="testCases.TC02_Login" name="testLogin" time="3.639"/>
  <testcase classname="testCases.TC02_Login" name="testLogin" time="3.269"/>
  <testcase classname="testCases.TC02_Login" name="testLogin" time="4.017"/>
  <testcase classname="testCases.TC02_Login" name="testLogin" time="3.041"/>
  <testcase classname="testCases.TC02_Login" name="testLogin" time="3.379"/>
  <testcase classname="testCases.TC05_AddAnItemToWishList" name="testAddToWishList" time="3.41"/>
  <testcase classname="testCases.TC04_CompletePurchase" name="testCompletePurchase" time="73.385"/>
</testsuite> <!-- chromeTest -->
