<?xml version="1.0" encoding="UTF-8"?>
<!-- Generated by org.testng.reporters.JUnitXMLReporter -->
<testsuite ignored="0" hostname="GUTHIKONDA" failures="0" tests="10" name="firefoxTest" time="146.008" errors="0" timestamp="2025-02-17T22:53:04 IST">
  <testcase classname="testCases.TC01_LaunchApplication" name="testLaunchApplication" time="0.1"/>
  <testcase classname="testCases.TC06_PurchaseAGiftCertificate" name="testPurchaseAGiftCertificate" time="2.844"/>
  <testcase classname="testCases.TC03_AddToCart" name="testAddToCart" time="2.305"/>
  <testcase classname="testCases.TC02_Login" name="testLogin" time="3.169"/>
  <testcase classname="testCases.TC02_Login" name="testLogin" time="3.578"/>
  <testcase classname="testCases.TC02_Login" name="testLogin" time="2.645"/>
  <testcase classname="testCases.TC02_Login" name="testLogin" time="2.362"/>
  <testcase classname="testCases.TC02_Login" name="testLogin" time="3.027"/>
  <testcase classname="testCases.TC05_AddAnItemToWishList" name="testAddToWishList" time="1.771"/>
  <testcase classname="testCases.TC04_CompletePurchase" name="testCompletePurchase" time="70.862"/>
</testsuite> <!-- firefoxTest -->
