<?xml version="1.0" encoding="UTF-8"?>
<!-- Generated by org.testng.reporters.JUnitXMLReporter -->
<testsuite ignored="2" hostname="Freelancer" failures="0" tests="9" name="chromeTest" time="62.35" errors="0" timestamp="2025-02-19T12:31:19 EST">
  <testcase classname="testCases.TC01_LaunchApplication" name="testLaunchApplication" time="0.048"/>
  <testcase classname="testCases.TC03_AddToCart" name="testAddToCart" time="2.412"/>
  <testcase classname="testCases.TC02_Login" name="testLogin" time="2.921"/>
  <testcase classname="testCases.TC02_Login" name="testLogin" time="3.306"/>
  <testcase classname="testCases.TC02_Login" name="testLogin" time="2.795"/>
  <testcase classname="testCases.TC02_Login" name="testLogin" time="2.67"/>
  <testcase classname="testCases.TC02_Login" name="testLogin" time="2.703"/>
  <testcase classname="testCases.TC02_Login" name="testLogin" time="7.711">
    <skipped/>
  </testcase> <!-- testLogin -->
  <testcase classname="testCases.TC02_Login" name="testLogin" time="0.113">
    <skipped/>
  </testcase> <!-- testLogin -->
  <testcase classname="testCases.TC05_AddAnItemToWishList" name="testAddToWishList" time="0.0">
    <ignored/>
  </testcase> <!-- testAddToWishList -->
  <testcase classname="testCases.TC06_PurchaseAGiftCertificate" name="testPurchaseAGiftCertificate" time="0.0">
    <ignored/>
  </testcase> <!-- testPurchaseAGiftCertificate -->
</testsuite> <!-- chromeTest -->
