<?xml version="1.0" encoding="UTF-8"?>
<!-- Generated by org.testng.reporters.JUnitXMLReporter -->
<testsuite ignored="0" hostname="GUTHIKONDA" failures="0" tests="2" name="firefoxTest" time="0.595" errors="0" timestamp="2025-02-18T21:13:06 IST">
  <testcase classname="testCases.TC01_LaunchApplication" name="testLaunchApplication" time="0.007">
    <skipped/>
  </testcase> <!-- testLaunchApplication -->
  <testcase classname="testCases.TC01_LaunchApplication" name="testLaunchApplication" time="0.002">
    <skipped/>
  </testcase> <!-- testLaunchApplication -->
</testsuite> <!-- firefoxTest -->
